# JRE version: OpenJDK Runtime Environment Temurin-21.0.7+6 (21.0.7+6) (build 21.0.7+6-LTS)
# Java VM: OpenJDK 64-Bit Server VM Temurin-21.0.7+6 (21.0.7+6-LTS, mixed mode, sharing, tiered, compressed oops, compressed class ptrs, parallel gc, windows-amd64)
GC Precious Log:
 CardTable entry size: 512
 CPUs: 20 total, 20 available
 Memory: 16072M
 Large Page Support: Disabled
 NUMA Support: Disabled
 Compressed Oops: Enabled (32-bit)
 Alignments: Space 512K, Generation 512K, Heap 2M
 Heap Min Capacity: 100M
 Heap Initial Capacity: 100M
 Heap Max Capacity: 1G
 Pre-touch: Disabled
 Parallel Workers: 15
Heap:
 PSYoungGen      total 5632K, used 5202K [0x00000000eab00000, 0x00000000eb180000, 0x0000000100000000)
  eden space 4608K, 99% used [0x00000000eab00000,0x00000000eaf74a38,0x00000000eaf80000)
  from space 1024K, 62% used [0x00000000eaf80000,0x00000000eb020000,0x00000000eb080000)
  to   space 1024K, 0% used [0x00000000eb080000,0x00000000eb080000,0x00000000eb180000)
 ParOldGen       total 497152K, used 497053K [0x00000000c0000000, 0x00000000de580000, 0x00000000eab00000)
  object space 497152K, 99% used [0x00000000c0000000,0x00000000de5675f0,0x00000000de580000)
 Metaspace       used 54745K, committed 56064K, reserved 1114112K
  class space    used 5779K, committed 6336K, reserved 1048576K
GC Heap History (20 events):
Event: 120.602 GC heap before
{Heap before GC invocations=678 (full 2):
 PSYoungGen      total 3584K, used 3488K [0x00000000eab00000, 0x00000000eb000000, 0x0000000100000000)
  eden space 3072K, 100% used [0x00000000eab00000,0x00000000eae00000,0x00000000eae00000)
  from space 512K, 81% used [0x00000000eae00000,0x00000000eae68000,0x00000000eae80000)
  to   space 512K, 0% used [0x00000000eaf80000,0x00000000eaf80000,0x00000000eb000000)
 ParOldGen       total 493056K, used 493048K [0x00000000c0000000, 0x00000000de180000, 0x00000000eab00000)
  object space 493056K, 99% used [0x00000000c0000000,0x00000000de17e318,0x00000000de180000)
 Metaspace       used 54733K, committed 56000K, reserved 1114112K
  class space    used 5779K, committed 6336K, reserved 1048576K
}
Event: 120.604 GC heap after
{Heap after GC invocations=678 (full 2):
 PSYoungGen      total 4608K, used 416K [0x00000000eab00000, 0x00000000eb000000, 0x0000000100000000)
  eden space 4096K, 0% used [0x00000000eab00000,0x00000000eab00000,0x00000000eaf00000)
  from space 512K, 81% used [0x00000000eaf80000,0x00000000eafe8000,0x00000000eb000000)
  to   space 512K, 0% used [0x00000000eaf00000,0x00000000eaf00000,0x00000000eaf80000)
 ParOldGen       total 493568K, used 493352K [0x00000000c0000000, 0x00000000de200000, 0x00000000eab00000)
  object space 493568K, 99% used [0x00000000c0000000,0x00000000de1ca318,0x00000000de200000)
 Metaspace       used 54733K, committed 56000K, reserved 1114112K
  class space    used 5779K, committed 6336K, reserved 1048576K
}
Event: 120.613 GC heap before
{Heap before GC invocations=679 (full 2):
 PSYoungGen      total 4608K, used 4512K [0x00000000eab00000, 0x00000000eb000000, 0x0000000100000000)
  eden space 4096K, 100% used [0x00000000eab00000,0x00000000eaf00000,0x00000000eaf00000)
  from space 512K, 81% used [0x00000000eaf80000,0x00000000eafe8000,0x00000000eb000000)
  to   space 512K, 0% used [0x00000000eaf00000,0x00000000eaf00000,0x00000000eaf80000)
 ParOldGen       total 493568K, used 493352K [0x00000000c0000000, 0x00000000de200000, 0x00000000eab00000)
  object space 493568K, 99% used [0x00000000c0000000,0x00000000de1ca318,0x00000000de200000)
 Metaspace       used 54733K, committed 56000K, reserved 1114112K
  class space    used 5779K, committed 6336K, reserved 1048576K
}
Event: 120.615 GC heap after
{Heap after GC invocations=679 (full 2):
 PSYoungGen      total 4608K, used 448K [0x00000000eab00000, 0x00000000eb100000, 0x0000000100000000)
  eden space 4096K, 0% used [0x00000000eab00000,0x00000000eab00000,0x00000000eaf00000)
  from space 512K, 87% used [0x00000000eaf00000,0x00000000eaf70000,0x00000000eaf80000)
  to   space 512K, 0% used [0x00000000eb080000,0x00000000eb080000,0x00000000eb100000)
 ParOldGen       total 494080K, used 493614K [0x00000000c0000000, 0x00000000de280000, 0x00000000eab00000)
  object space 494080K, 99% used [0x00000000c0000000,0x00000000de20b928,0x00000000de280000)
 Metaspace       used 54733K, committed 56000K, reserved 1114112K
  class space    used 5779K, committed 6336K, reserved 1048576K
}
Event: 120.625 GC heap before
{Heap before GC invocations=680 (full 2):
 PSYoungGen      total 4608K, used 4544K [0x00000000eab00000, 0x00000000eb100000, 0x0000000100000000)
  eden space 4096K, 100% used [0x00000000eab00000,0x00000000eaf00000,0x00000000eaf00000)
  from space 512K, 87% used [0x00000000eaf00000,0x00000000eaf70000,0x00000000eaf80000)
  to   space 512K, 0% used [0x00000000eb080000,0x00000000eb080000,0x00000000eb100000)
 ParOldGen       total 494080K, used 493614K [0x00000000c0000000, 0x00000000de280000, 0x00000000eab00000)
  object space 494080K, 99% used [0x00000000c0000000,0x00000000de20b928,0x00000000de280000)
 Metaspace       used 54733K, committed 56000K, reserved 1114112K
  class space    used 5779K, committed 6336K, reserved 1048576K
}
Event: 120.627 GC heap after
{Heap after GC invocations=680 (full 2):
 PSYoungGen      total 5120K, used 492K [0x00000000eab00000, 0x00000000eb200000, 0x0000000100000000)
  eden space 4608K, 0% used [0x00000000eab00000,0x00000000eab00000,0x00000000eaf80000)
  from space 512K, 96% used [0x00000000eb080000,0x00000000eb0fb008,0x00000000eb100000)
  to   space 1024K, 0% used [0x00000000eaf80000,0x00000000eaf80000,0x00000000eb080000)
 ParOldGen       total 494080K, used 494022K [0x00000000c0000000, 0x00000000de280000, 0x00000000eab00000)
  object space 494080K, 99% used [0x00000000c0000000,0x00000000de271928,0x00000000de280000)
 Metaspace       used 54733K, committed 56000K, reserved 1114112K
  class space    used 5779K, committed 6336K, reserved 1048576K
}
Event: 120.637 GC heap before
{Heap before GC invocations=681 (full 2):
 PSYoungGen      total 5120K, used 5100K [0x00000000eab00000, 0x00000000eb200000, 0x0000000100000000)
  eden space 4608K, 100% used [0x00000000eab00000,0x00000000eaf80000,0x00000000eaf80000)
  from space 512K, 96% used [0x00000000eb080000,0x00000000eb0fb008,0x00000000eb100000)
  to   space 1024K, 0% used [0x00000000eaf80000,0x00000000eaf80000,0x00000000eb080000)
 ParOldGen       total 494080K, used 494022K [0x00000000c0000000, 0x00000000de280000, 0x00000000eab00000)
  object space 494080K, 99% used [0x00000000c0000000,0x00000000de271928,0x00000000de280000)
 Metaspace       used 54733K, committed 56000K, reserved 1114112K
  class space    used 5779K, committed 6336K, reserved 1048576K
}
Event: 120.639 GC heap after
{Heap after GC invocations=681 (full 2):
 PSYoungGen      total 5632K, used 598K [0x00000000eab00000, 0x00000000eb180000, 0x0000000100000000)
  eden space 4608K, 0% used [0x00000000eab00000,0x00000000eab00000,0x00000000eaf80000)
  from space 1024K, 58% used [0x00000000eaf80000,0x00000000eb015930,0x00000000eb080000)
  to   space 1024K, 0% used [0x00000000eb080000,0x00000000eb080000,0x00000000eb180000)
 ParOldGen       total 494592K, used 494482K [0x00000000c0000000, 0x00000000de300000, 0x00000000eab00000)
  object space 494592K, 99% used [0x00000000c0000000,0x00000000de2e4930,0x00000000de300000)
 Metaspace       used 54733K, committed 56000K, reserved 1114112K
  class space    used 5779K, committed 6336K, reserved 1048576K
}
Event: 120.649 GC heap before
{Heap before GC invocations=682 (full 2):
 PSYoungGen      total 5632K, used 5206K [0x00000000eab00000, 0x00000000eb180000, 0x0000000100000000)
  eden space 4608K, 100% used [0x00000000eab00000,0x00000000eaf80000,0x00000000eaf80000)
  from space 1024K, 58% used [0x00000000eaf80000,0x00000000eb015930,0x00000000eb080000)
  to   space 1024K, 0% used [0x00000000eb080000,0x00000000eb080000,0x00000000eb180000)
 ParOldGen       total 494592K, used 494482K [0x00000000c0000000, 0x00000000de300000, 0x00000000eab00000)
  object space 494592K, 99% used [0x00000000c0000000,0x00000000de2e4930,0x00000000de300000)
 Metaspace       used 54733K, committed 56000K, reserved 1114112K
  class space    used 5779K, committed 6336K, reserved 1048576K
}
Event: 120.651 GC heap after
{Heap after GC invocations=682 (full 2):
 PSYoungGen      total 5632K, used 544K [0x00000000eab00000, 0x00000000eb180000, 0x0000000100000000)
  eden space 4608K, 0% used [0x00000000eab00000,0x00000000eab00000,0x00000000eaf80000)
  from space 1024K, 53% used [0x00000000eb080000,0x00000000eb108000,0x00000000eb180000)
  to   space 1024K, 0% used [0x00000000eaf80000,0x00000000eaf80000,0x00000000eb080000)
 ParOldGen       total 495104K, used 494970K [0x00000000c0000000, 0x00000000de380000, 0x00000000eab00000)
  object space 495104K, 99% used [0x00000000c0000000,0x00000000de35e930,0x00000000de380000)
 Metaspace       used 54733K, committed 56000K, reserved 1114112K
  class space    used 5779K, committed 6336K, reserved 1048576K
}
Event: 120.854 GC heap before
{Heap before GC invocations=683 (full 2):
 PSYoungGen      total 5632K, used 5152K [0x00000000eab00000, 0x00000000eb180000, 0x0000000100000000)
  eden space 4608K, 100% used [0x00000000eab00000,0x00000000eaf80000,0x00000000eaf80000)
  from space 1024K, 53% used [0x00000000eb080000,0x00000000eb108000,0x00000000eb180000)
  to   space 1024K, 0% used [0x00000000eaf80000,0x00000000eaf80000,0x00000000eb080000)
 ParOldGen       total 495104K, used 494970K [0x00000000c0000000, 0x00000000de380000, 0x00000000eab00000)
  object space 495104K, 99% used [0x00000000c0000000,0x00000000de35e930,0x00000000de380000)
 Metaspace       used 54733K, committed 56000K, reserved 1114112K
  class space    used 5779K, committed 6336K, reserved 1048576K
}
Event: 120.855 GC heap after
{Heap after GC invocations=683 (full 2):
 PSYoungGen      total 5632K, used 544K [0x00000000eab00000, 0x00000000eb180000, 0x0000000100000000)
  eden space 4608K, 0% used [0x00000000eab00000,0x00000000eab00000,0x00000000eaf80000)
  from space 1024K, 53% used [0x00000000eaf80000,0x00000000eb008000,0x00000000eb080000)
  to   space 1024K, 0% used [0x00000000eb080000,0x00000000eb080000,0x00000000eb180000)
 ParOldGen       total 495616K, used 495450K [0x00000000c0000000, 0x00000000de400000, 0x00000000eab00000)
  object space 495616K, 99% used [0x00000000c0000000,0x00000000de3d6930,0x00000000de400000)
 Metaspace       used 54733K, committed 56000K, reserved 1114112K
  class space    used 5779K, committed 6336K, reserved 1048576K
}
Event: 121.627 GC heap before
{Heap before GC invocations=684 (full 2):
 PSYoungGen      total 5632K, used 5152K [0x00000000eab00000, 0x00000000eb180000, 0x0000000100000000)
  eden space 4608K, 100% used [0x00000000eab00000,0x00000000eaf80000,0x00000000eaf80000)
  from space 1024K, 53% used [0x00000000eaf80000,0x00000000eb008000,0x00000000eb080000)
  to   space 1024K, 0% used [0x00000000eb080000,0x00000000eb080000,0x00000000eb180000)
 ParOldGen       total 495616K, used 495450K [0x00000000c0000000, 0x00000000de400000, 0x00000000eab00000)
  object space 495616K, 99% used [0x00000000c0000000,0x00000000de3d6930,0x00000000de400000)
 Metaspace       used 54744K, committed 56064K, reserved 1114112K
  class space    used 5779K, committed 6336K, reserved 1048576K
}
Event: 121.629 GC heap after
{Heap after GC invocations=684 (full 2):
 PSYoungGen      total 5632K, used 544K [0x00000000eab00000, 0x00000000eb180000, 0x0000000100000000)
  eden space 4608K, 0% used [0x00000000eab00000,0x00000000eab00000,0x00000000eaf80000)
  from space 1024K, 53% used [0x00000000eb080000,0x00000000eb108000,0x00000000eb180000)
  to   space 1024K, 0% used [0x00000000eaf80000,0x00000000eaf80000,0x00000000eb080000)
 ParOldGen       total 495616K, used 495554K [0x00000000c0000000, 0x00000000de400000, 0x00000000eab00000)
  object space 495616K, 99% used [0x00000000c0000000,0x00000000de3f0930,0x00000000de400000)
 Metaspace       used 54744K, committed 56064K, reserved 1114112K
  class space    used 5779K, committed 6336K, reserved 1048576K
}
Event: 121.640 GC heap before
{Heap before GC invocations=685 (full 2):
 PSYoungGen      total 5632K, used 5152K [0x00000000eab00000, 0x00000000eb180000, 0x0000000100000000)
  eden space 4608K, 100% used [0x00000000eab00000,0x00000000eaf80000,0x00000000eaf80000)
  from space 1024K, 53% used [0x00000000eb080000,0x00000000eb108000,0x00000000eb180000)
  to   space 1024K, 0% used [0x00000000eaf80000,0x00000000eaf80000,0x00000000eb080000)
 ParOldGen       total 495616K, used 495554K [0x00000000c0000000, 0x00000000de400000, 0x00000000eab00000)
  object space 495616K, 99% used [0x00000000c0000000,0x00000000de3f0930,0x00000000de400000)
 Metaspace       used 54744K, committed 56064K, reserved 1114112K
  class space    used 5779K, committed 6336K, reserved 1048576K
}
Event: 121.642 GC heap after
{Heap after GC invocations=685 (full 2):
 PSYoungGen      total 5632K, used 731K [0x00000000eab00000, 0x00000000eb180000, 0x0000000100000000)
  eden space 4608K, 0% used [0x00000000eab00000,0x00000000eab00000,0x00000000eaf80000)
  from space 1024K, 71% used [0x00000000eaf80000,0x00000000eb036c08,0x00000000eb080000)
  to   space 1024K, 0% used [0x00000000eb080000,0x00000000eb080000,0x00000000eb180000)
 ParOldGen       total 496128K, used 495896K [0x00000000c0000000, 0x00000000de480000, 0x00000000eab00000)
  object space 496128K, 99% used [0x00000000c0000000,0x00000000de446188,0x00000000de480000)
 Metaspace       used 54744K, committed 56064K, reserved 1114112K
  class space    used 5779K, committed 6336K, reserved 1048576K
}
Event: 121.860 GC heap before
{Heap before GC invocations=686 (full 2):
 PSYoungGen      total 5632K, used 5332K [0x00000000eab00000, 0x00000000eb180000, 0x0000000100000000)
  eden space 4608K, 99% used [0x00000000eab00000,0x00000000eaf7e550,0x00000000eaf80000)
  from space 1024K, 71% used [0x00000000eaf80000,0x00000000eb036c08,0x00000000eb080000)
  to   space 1024K, 0% used [0x00000000eb080000,0x00000000eb080000,0x00000000eb180000)
 ParOldGen       total 496128K, used 495896K [0x00000000c0000000, 0x00000000de480000, 0x00000000eab00000)
  object space 496128K, 99% used [0x00000000c0000000,0x00000000de446188,0x00000000de480000)
 Metaspace       used 54745K, committed 56064K, reserved 1114112K
  class space    used 5779K, committed 6336K, reserved 1048576K
}
Event: 121.862 GC heap after
{Heap after GC invocations=686 (full 2):
 PSYoungGen      total 5632K, used 866K [0x00000000eab00000, 0x00000000eb180000, 0x0000000100000000)
  eden space 4608K, 0% used [0x00000000eab00000,0x00000000eab00000,0x00000000eaf80000)
  from space 1024K, 84% used [0x00000000eb080000,0x00000000eb158be8,0x00000000eb180000)
  to   space 1024K, 0% used [0x00000000eaf80000,0x00000000eaf80000,0x00000000eb080000)
 ParOldGen       total 496640K, used 496379K [0x00000000c0000000, 0x00000000de500000, 0x00000000eab00000)
  object space 496640K, 99% used [0x00000000c0000000,0x00000000de4bed90,0x00000000de500000)
 Metaspace       used 54745K, committed 56064K, reserved 1114112K
  class space    used 5779K, committed 6336K, reserved 1048576K
}
Event: 121.873 GC heap before
{Heap before GC invocations=687 (full 2):
 PSYoungGen      total 5632K, used 5474K [0x00000000eab00000, 0x00000000eb180000, 0x0000000100000000)
  eden space 4608K, 100% used [0x00000000eab00000,0x00000000eaf80000,0x00000000eaf80000)
  from space 1024K, 84% used [0x00000000eb080000,0x00000000eb158be8,0x00000000eb180000)
  to   space 1024K, 0% used [0x00000000eaf80000,0x00000000eaf80000,0x00000000eb080000)
 ParOldGen       total 496640K, used 496379K [0x00000000c0000000, 0x00000000de500000, 0x00000000eab00000)
  object space 496640K, 99% used [0x00000000c0000000,0x00000000de4bed90,0x00000000de500000)
 Metaspace       used 54745K, committed 56064K, reserved 1114112K
  class space    used 5779K, committed 6336K, reserved 1048576K
}
Event: 121.875 GC heap after
{Heap after GC invocations=687 (full 2):
 PSYoungGen      total 5632K, used 640K [0x00000000eab00000, 0x00000000eb180000, 0x0000000100000000)
  eden space 4608K, 0% used [0x00000000eab00000,0x00000000eab00000,0x00000000eaf80000)
  from space 1024K, 62% used [0x00000000eaf80000,0x00000000eb020000,0x00000000eb080000)
  to   space 1024K, 0% used [0x00000000eb080000,0x00000000eb080000,0x00000000eb180000)
 ParOldGen       total 497152K, used 497053K [0x00000000c0000000, 0x00000000de580000, 0x00000000eab00000)
  object space 497152K, 99% used [0x00000000c0000000,0x00000000de5675f0,0x00000000de580000)
 Metaspace       used 54745K, committed 56064K, reserved 1114112K
  class space    used 5779K, committed 6336K, reserved 1048576K
}

